<?xml version="1.0" encoding="UTF-8"?>
<testsuite xmlns:xsi="http://www.w3.org/2001/XMLSchema-instance" xsi:noNamespaceSchemaLocation="https://maven.apache.org/surefire/maven-surefire-plugin/xsd/surefire-test-report-3.0.xsd" version="3.0" name="ua.quietlymavenplugin.render.FilterTestsCodeGeneratorTest" time="0.147" tests="8" errors="0" skipped="0" failures="0">
  <properties>
[...]
</properties>
  <testcase name="missing_service_uses_domain_specific_error" classname="ua.quietlymavenplugin.render.FilterTestsCodeGeneratorTest" time="0.031">
    <system-out><![CDATA[[info] [&amp#27;[1;34mQUIETLY&amp#27;[0m] Wrote report: /var/folders/vq/7jtwgzxs2cl7t_9fjzdjbjrw0000gr/T/junit17927064609441323139/quietly-report.md
]]></system-out>
  </testcase>
  <testcase name="generator_omits_disabled_annotation_by_default" classname="ua.quietlymavenplugin.render.FilterTestsCodeGeneratorTest" time="0.068">
    <system-out><![CDATA[[info] [&amp#27;[1;34mQUIETLY&amp#27;[0m] Created test file: CustomerFiltersTest.java
[info] [&amp#27;[1;34mQUIETLY&amp#27;[0m] Wrote report: /var/folders/vq/7jtwgzxs2cl7t_9fjzdjbjrw0000gr/T/junit17187933178786435034/quietly-report.md
]]></system-out>
  </testcase>
  <testcase name="generator_writes_markdown_report" classname="ua.quietlymavenplugin.render.FilterTestsCodeGeneratorTest" time="0.007">
    <system-out><![CDATA[[info] [&amp#27;[1;34mQUIETLY&amp#27;[0m] Created test file: CustomerFiltersTest.java
[info] [&amp#27;[1;34mQUIETLY&amp#27;[0m] Wrote report: /var/folders/vq/7jtwgzxs2cl7t_9fjzdjbjrw0000gr/T/junit7505067596098781590/quietly-report.md
]]></system-out>
  </testcase>
  <testcase name="dry_run_writes_report_but_does_not_write_generated_test_file" classname="ua.quietlymavenplugin.render.FilterTestsCodeGeneratorTest" time="0.006">
    <system-out><![CDATA[[info] [&amp#27;[1;34mQUIETLY&amp#27;[0m] Would create test file: CustomerFiltersTest.java
[info] [&amp#27;[1;34mQUIETLY&amp#27;[0m] Wrote report: /var/folders/vq/7jtwgzxs2cl7t_9fjzdjbjrw0000gr/T/junit14786819725329097275/quietly-report.md
]]></system-out>
  </testcase>
  <testcase name="generator_adds_marker_to_existing_generated_method" classname="ua.quietlymavenplugin.render.FilterTestsCodeGeneratorTest" time="0.006">
    <system-out><![CDATA[[info] [&amp#27;[1;34mQUIETLY&amp#27;[0m] Added method beforeEach for: Customer
[info] [&amp#27;[1;34mQUIETLY&amp#27;[0m] Updated test file: CustomerFiltersTest.java
[info] [&amp#27;[1;34mQUIETLY&amp#27;[0m] Wrote report: /var/folders/vq/7jtwgzxs2cl7t_9fjzdjbjrw0000gr/T/junit981244766806327197/quietly-report.md
]]></system-out>
  </testcase>
  <testcase name="generator_does_not_duplicate_existing_generated_methods" classname="ua.quietlymavenplugin.render.FilterTestsCodeGeneratorTest" time="0.011">
    <system-out><![CDATA[[info] [&amp#27;[1;34mQUIETLY&amp#27;[0m] Created test file: CustomerFiltersTest.java
[info] [&amp#27;[1;34mQUIETLY&amp#27;[0m] Wrote report: /var/folders/vq/7jtwgzxs2cl7t_9fjzdjbjrw0000gr/T/junit4385284972805648618/quietly-report.md
[info] [&amp#27;[1;34mQUIETLY&amp#27;[0m] Updated test file: CustomerFiltersTest.java
[info] [&amp#27;[1;34mQUIETLY&amp#27;[0m] Wrote report: /var/folders/vq/7jtwgzxs2cl7t_9fjzdjbjrw0000gr/T/junit4385284972805648618/quietly-report.md
]]></system-out>
  </testcase>
  <testcase name="unresolved_field_can_be_skipped_when_configured" classname="ua.quietlymavenplugin.render.FilterTestsCodeGeneratorTest" time="0.008">
    <system-out><![CDATA[[warn] [&amp#27;[1;33mQUIETLY&amp#27;[0m] Filter obj.missing references field missing, but no deterministic field match was found on entity Customer. Use fieldResolutionMode=FUZZY or fix the filter metadata. Details: No deterministic field match was found for 'missing' on entity Customer. Skipping this generated test because failOnUnresolvedField=false.
[info] [&amp#27;[1;34mQUIETLY&amp#27;[0m] Created test file: CustomerFiltersTest.java
[info] [&amp#27;[1;34mQUIETLY&amp#27;[0m] Wrote report: /var/folders/vq/7jtwgzxs2cl7t_9fjzdjbjrw0000gr/T/junit3560617038230658593/quietly-report.md
]]></system-out>
  </testcase>
  <testcase name="generator_adds_disabled_annotation_when_configured" classname="ua.quietlymavenplugin.render.FilterTestsCodeGeneratorTest" time="0.006">
    <system-out><![CDATA[[info] [&amp#27;[1;34mQUIETLY&amp#27;[0m] Created test file: CustomerFiltersTest.java
[info] [&amp#27;[1;34mQUIETLY&amp#27;[0m] Wrote report: /var/folders/vq/7jtwgzxs2cl7t_9fjzdjbjrw0000gr/T/junit3481081243832431517/quietly-report.md
]]></system-out>
  </testcase>
</testsuite>